<?xml version="1.0" encoding="UTF-8"?>
<!-- Generated by org.testng.reporters.JUnitReportReporter -->
<testsuite hostname="RUTURAJ" failures="0" tests="2" name="test.VerifyPlayersSearchButton" time="56.201" errors="0" timestamp="2022-02-15T00:27:33 IST" skipped="0">
  <testcase classname="test.VerifyPlayersSearchButton" name="toVerifyPlayerSearchButton" time="16.331"/>
  <system-out/>
  <testcase classname="test.VerifyPlayersSearchButton" name="toVerifyPlayerSearchButton" time="39.870"/>
  <system-out/>
</testsuite> <!-- test.VerifyPlayersSearchButton -->
