<?xml version="1.0" encoding="UTF-8"?>
<!-- Generated by org.testng.reporters.JUnitReportReporter -->
<testsuite hostname="RUTURAJ" failures="0" tests="1" name="test.TestClass1" time="0.014" errors="0" timestamp="2022-02-08T00:25:13 IST" skipped="0">
  <testcase classname="test.TestClass1" name="test1" time="0.014"/>
  <system-out/>
</testsuite> <!-- test.TestClass1 -->
