<?xml version="1.0" encoding="UTF-8"?>
<!-- Generated by org.testng.reporters.JUnitReportReporter -->
<testsuite hostname="RUTURAJ" failures="0" tests="1" name="javapractice.Execution" time="0.007" errors="0" timestamp="2022-02-08T00:22:33 IST" skipped="0">
  <testcase classname="javapractice.Execution" name="test1" time="0.007"/>
  <system-out/>
</testsuite> <!-- javapractice.Execution -->
